빌드 시작: 2017-12-11 오전 7:58:21
     1>2 노드의 "C:\Users\JunYup\documents\visual studio 2010\Projects\p_mc\p_mc\p_mc.vcxproj" 프로젝트(build 대상)입니다.
     1>InitializeBuildStatus:
         "AlwaysCreate"이(가) 지정되었기 때문에 "Debug\p_mc.unsuccessfulbuild"을(를) 만들고 있습니다.
       ClCompile:
         c:\Program Files (x86)\Microsoft Visual Studio 10.0\VC\bin\CL.exe /c /ZI /nologo /W3 /WX- /Od /Oy- /D WIN32 /D _DEBUG /D _CONSOLE /D _MBCS /Gm /EHsc /RTC1 /MDd /GS /fp:precise /Zc:wchar_t /Zc:forScope /Fo"Debug\\" /Fd"Debug\vc100.pdb" /Gd /TP /analyze- /errorReport:prompt p_mc.cpp
         p_mc.cpp
     1>c:\program files (x86)\opencv2.3.1\build\include\opencv2\flann\dist.h : warning C4819: 현재 코드 페이지(949)에서 표시할 수 없는 문자가 파일에 들어 있습니다. 데이터가 손실되지 않게 하려면 해당 파일을 유니코드 형식으로 저장하십시오.
     1>c:\program files (x86)\opencv2.3.1\build\include\opencv2\flann\dist.h : warning C4819: 현재 코드 페이지(949)에서 표시할 수 없는 문자가 파일에 들어 있습니다. 데이터가 손실되지 않게 하려면 해당 파일을 유니코드 형식으로 저장하십시오.
     1>c:\program files (x86)\opencv2.3.1\build\include\opencv2\flann\dist.h : warning C4819: 현재 코드 페이지(949)에서 표시할 수 없는 문자가 파일에 들어 있습니다. 데이터가 손실되지 않게 하려면 해당 파일을 유니코드 형식으로 저장하십시오.
     1>c:\program files (x86)\opencv2.3.1\build\include\opencv2\flann\dist.h : warning C4819: 현재 코드 페이지(949)에서 표시할 수 없는 문자가 파일에 들어 있습니다. 데이터가 손실되지 않게 하려면 해당 파일을 유니코드 형식으로 저장하십시오.
     1>c:\program files (x86)\opencv2.3.1\build\include\opencv2\flann\flann.hpp(233): warning C4996: 'cv::flann::Index_<T>': deprecated로 선언되었습니다.
                 c:\program files (x86)\opencv2.3.1\build\include\opencv2\flann\flann.hpp(278) : 컴파일 중인 클래스 템플릿 인스턴스화 'cv::flann::Index_<T>'에 대한 참조를 확인하십시오.
     1>c:\users\junyup\documents\visual studio 2010\projects\p_mc\p_mc\p_mc.cpp(86): warning C4244: '인수' : 'double'에서 'int'(으)로 변환하면서 데이터가 손실될 수 있습니다.
     1>c:\users\junyup\documents\visual studio 2010\projects\p_mc\p_mc\p_mc.cpp(131): warning C4244: '=' : 'int'에서 'float'(으)로 변환하면서 데이터가 손실될 수 있습니다.
     1>c:\users\junyup\documents\visual studio 2010\projects\p_mc\p_mc\p_mc.cpp(132): warning C4244: '=' : 'int'에서 'float'(으)로 변환하면서 데이터가 손실될 수 있습니다.
     1>c:\users\junyup\documents\visual studio 2010\projects\p_mc\p_mc\p_mc.cpp(144): warning C4244: '=' : 'int'에서 'float'(으)로 변환하면서 데이터가 손실될 수 있습니다.
     1>c:\users\junyup\documents\visual studio 2010\projects\p_mc\p_mc\p_mc.cpp(145): warning C4244: '=' : 'int'에서 'float'(으)로 변환하면서 데이터가 손실될 수 있습니다.
     1>c:\users\junyup\documents\visual studio 2010\projects\p_mc\p_mc\p_mc.cpp(157): warning C4244: '=' : 'int'에서 'float'(으)로 변환하면서 데이터가 손실될 수 있습니다.
     1>c:\users\junyup\documents\visual studio 2010\projects\p_mc\p_mc\p_mc.cpp(158): warning C4244: '=' : 'int'에서 'float'(으)로 변환하면서 데이터가 손실될 수 있습니다.
     1>c:\users\junyup\documents\visual studio 2010\projects\p_mc\p_mc\p_mc.cpp(172): warning C4244: '=' : 'int'에서 'float'(으)로 변환하면서 데이터가 손실될 수 있습니다.
     1>c:\users\junyup\documents\visual studio 2010\projects\p_mc\p_mc\p_mc.cpp(173): warning C4244: '=' : 'int'에서 'float'(으)로 변환하면서 데이터가 손실될 수 있습니다.
     1>c:\users\junyup\documents\visual studio 2010\projects\p_mc\p_mc\p_mc.cpp(185): warning C4244: '=' : 'int'에서 'float'(으)로 변환하면서 데이터가 손실될 수 있습니다.
     1>c:\users\junyup\documents\visual studio 2010\projects\p_mc\p_mc\p_mc.cpp(186): warning C4244: '=' : 'int'에서 'float'(으)로 변환하면서 데이터가 손실될 수 있습니다.
     1>c:\users\junyup\documents\visual studio 2010\projects\p_mc\p_mc\p_mc.cpp(198): warning C4244: '=' : 'int'에서 'float'(으)로 변환하면서 데이터가 손실될 수 있습니다.
     1>c:\users\junyup\documents\visual studio 2010\projects\p_mc\p_mc\p_mc.cpp(199): warning C4244: '=' : 'int'에서 'float'(으)로 변환하면서 데이터가 손실될 수 있습니다.
     1>c:\users\junyup\documents\visual studio 2010\projects\p_mc\p_mc\p_mc.cpp(220): warning C4244: '인수' : 'double'에서 'int'(으)로 변환하면서 데이터가 손실될 수 있습니다.
     1>c:\users\junyup\documents\visual studio 2010\projects\p_mc\p_mc\p_mc.cpp(231): warning C4244: '인수' : 'float'에서 'int'(으)로 변환하면서 데이터가 손실될 수 있습니다.
     1>c:\users\junyup\documents\visual studio 2010\projects\p_mc\p_mc\p_mc.cpp(231): warning C4244: '인수' : 'float'에서 'int'(으)로 변환하면서 데이터가 손실될 수 있습니다.
     1>c:\users\junyup\documents\visual studio 2010\projects\p_mc\p_mc\p_mc.cpp(234): warning C4244: '인수' : 'float'에서 'int'(으)로 변환하면서 데이터가 손실될 수 있습니다.
     1>c:\users\junyup\documents\visual studio 2010\projects\p_mc\p_mc\p_mc.cpp(234): warning C4244: '인수' : 'float'에서 'int'(으)로 변환하면서 데이터가 손실될 수 있습니다.
     1>c:\users\junyup\documents\visual studio 2010\projects\p_mc\p_mc\p_mc.cpp(237): warning C4244: '인수' : 'float'에서 'int'(으)로 변환하면서 데이터가 손실될 수 있습니다.
     1>c:\users\junyup\documents\visual studio 2010\projects\p_mc\p_mc\p_mc.cpp(237): warning C4244: '인수' : 'float'에서 'int'(으)로 변환하면서 데이터가 손실될 수 있습니다.
     1>c:\users\junyup\documents\visual studio 2010\projects\p_mc\p_mc\p_mc.cpp(240): warning C4244: '인수' : 'float'에서 'int'(으)로 변환하면서 데이터가 손실될 수 있습니다.
     1>c:\users\junyup\documents\visual studio 2010\projects\p_mc\p_mc\p_mc.cpp(240): warning C4244: '인수' : 'float'에서 'int'(으)로 변환하면서 데이터가 손실될 수 있습니다.
     1>c:\users\junyup\documents\visual studio 2010\projects\p_mc\p_mc\p_mc.cpp(243): warning C4244: '인수' : 'float'에서 'int'(으)로 변환하면서 데이터가 손실될 수 있습니다.
     1>c:\users\junyup\documents\visual studio 2010\projects\p_mc\p_mc\p_mc.cpp(243): warning C4244: '인수' : 'float'에서 'int'(으)로 변환하면서 데이터가 손실될 수 있습니다.
     1>c:\users\junyup\documents\visual studio 2010\projects\p_mc\p_mc\p_mc.cpp(246): warning C4244: '인수' : 'float'에서 'int'(으)로 변환하면서 데이터가 손실될 수 있습니다.
     1>c:\users\junyup\documents\visual studio 2010\projects\p_mc\p_mc\p_mc.cpp(246): warning C4244: '인수' : 'float'에서 'int'(으)로 변환하면서 데이터가 손실될 수 있습니다.
     1>c:\users\junyup\documents\visual studio 2010\projects\p_mc\p_mc\p_mc.cpp(516): warning C4244: '초기화 중' : 'double'에서 'int'(으)로 변환하면서 데이터가 손실될 수 있습니다.
     1>c:\users\junyup\documents\visual studio 2010\projects\p_mc\p_mc\p_mc.cpp(516): warning C4244: '초기화 중' : 'double'에서 'int'(으)로 변환하면서 데이터가 손실될 수 있습니다.
     1>c:\users\junyup\documents\visual studio 2010\projects\p_mc\p_mc\p_mc.cpp(516): warning C4244: '초기화 중' : 'double'에서 'int'(으)로 변환하면서 데이터가 손실될 수 있습니다.
     1>c:\users\junyup\documents\visual studio 2010\projects\p_mc\p_mc\p_mc.cpp(534): warning C4244: '초기화 중' : 'double'에서 'int'(으)로 변환하면서 데이터가 손실될 수 있습니다.
     1>c:\users\junyup\documents\visual studio 2010\projects\p_mc\p_mc\p_mc.cpp(534): warning C4244: '초기화 중' : 'double'에서 'int'(으)로 변환하면서 데이터가 손실될 수 있습니다.
     1>c:\users\junyup\documents\visual studio 2010\projects\p_mc\p_mc\p_mc.cpp(534): warning C4244: '초기화 중' : 'double'에서 'int'(으)로 변환하면서 데이터가 손실될 수 있습니다.
     1>c:\users\junyup\documents\visual studio 2010\projects\p_mc\p_mc\p_mc.cpp(569): warning C4244: '=' : 'int'에서 'float'(으)로 변환하면서 데이터가 손실될 수 있습니다.
     1>c:\users\junyup\documents\visual studio 2010\projects\p_mc\p_mc\p_mc.cpp(570): warning C4244: '=' : 'int'에서 'float'(으)로 변환하면서 데이터가 손실될 수 있습니다.
     1>c:\users\junyup\documents\visual studio 2010\projects\p_mc\p_mc\p_mc.cpp(572): warning C4244: '=' : 'int'에서 'float'(으)로 변환하면서 데이터가 손실될 수 있습니다.
     1>c:\users\junyup\documents\visual studio 2010\projects\p_mc\p_mc\p_mc.cpp(573): warning C4244: '=' : 'int'에서 'float'(으)로 변환하면서 데이터가 손실될 수 있습니다.
     1>c:\users\junyup\documents\visual studio 2010\projects\p_mc\p_mc\p_mc.cpp(575): warning C4244: '=' : 'int'에서 'float'(으)로 변환하면서 데이터가 손실될 수 있습니다.
     1>c:\users\junyup\documents\visual studio 2010\projects\p_mc\p_mc\p_mc.cpp(576): warning C4244: '=' : 'int'에서 'float'(으)로 변환하면서 데이터가 손실될 수 있습니다.
     1>c:\users\junyup\documents\visual studio 2010\projects\p_mc\p_mc\p_mc.cpp(578): warning C4244: '=' : 'int'에서 'float'(으)로 변환하면서 데이터가 손실될 수 있습니다.
     1>c:\users\junyup\documents\visual studio 2010\projects\p_mc\p_mc\p_mc.cpp(579): warning C4244: '=' : 'int'에서 'float'(으)로 변환하면서 데이터가 손실될 수 있습니다.
     1>c:\users\junyup\documents\visual studio 2010\projects\p_mc\p_mc\p_mc.cpp(581): warning C4244: '=' : 'int'에서 'float'(으)로 변환하면서 데이터가 손실될 수 있습니다.
     1>c:\users\junyup\documents\visual studio 2010\projects\p_mc\p_mc\p_mc.cpp(582): warning C4244: '=' : 'int'에서 'float'(으)로 변환하면서 데이터가 손실될 수 있습니다.
     1>c:\users\junyup\documents\visual studio 2010\projects\p_mc\p_mc\p_mc.cpp(584): warning C4244: '=' : 'int'에서 'float'(으)로 변환하면서 데이터가 손실될 수 있습니다.
     1>c:\users\junyup\documents\visual studio 2010\projects\p_mc\p_mc\p_mc.cpp(585): warning C4244: '=' : 'int'에서 'float'(으)로 변환하면서 데이터가 손실될 수 있습니다.
     1>c:\users\junyup\documents\visual studio 2010\projects\p_mc\p_mc\p_mc.cpp(598): warning C4244: '인수' : 'float'에서 'int'(으)로 변환하면서 데이터가 손실될 수 있습니다.
     1>c:\users\junyup\documents\visual studio 2010\projects\p_mc\p_mc\p_mc.cpp(598): warning C4244: '인수' : 'float'에서 'int'(으)로 변환하면서 데이터가 손실될 수 있습니다.
     1>c:\users\junyup\documents\visual studio 2010\projects\p_mc\p_mc\p_mc.cpp(599): warning C4244: '인수' : 'float'에서 'int'(으)로 변환하면서 데이터가 손실될 수 있습니다.
     1>c:\users\junyup\documents\visual studio 2010\projects\p_mc\p_mc\p_mc.cpp(599): warning C4244: '인수' : 'float'에서 'int'(으)로 변환하면서 데이터가 손실될 수 있습니다.
     1>c:\users\junyup\documents\visual studio 2010\projects\p_mc\p_mc\p_mc.cpp(601): warning C4244: '인수' : 'float'에서 'int'(으)로 변환하면서 데이터가 손실될 수 있습니다.
     1>c:\users\junyup\documents\visual studio 2010\projects\p_mc\p_mc\p_mc.cpp(601): warning C4244: '인수' : 'float'에서 'int'(으)로 변환하면서 데이터가 손실될 수 있습니다.
     1>c:\users\junyup\documents\visual studio 2010\projects\p_mc\p_mc\p_mc.cpp(602): warning C4244: '인수' : 'float'에서 'int'(으)로 변환하면서 데이터가 손실될 수 있습니다.
     1>c:\users\junyup\documents\visual studio 2010\projects\p_mc\p_mc\p_mc.cpp(602): warning C4244: '인수' : 'float'에서 'int'(으)로 변환하면서 데이터가 손실될 수 있습니다.
     1>c:\users\junyup\documents\visual studio 2010\projects\p_mc\p_mc\p_mc.cpp(604): warning C4244: '인수' : 'float'에서 'int'(으)로 변환하면서 데이터가 손실될 수 있습니다.
     1>c:\users\junyup\documents\visual studio 2010\projects\p_mc\p_mc\p_mc.cpp(604): warning C4244: '인수' : 'float'에서 'int'(으)로 변환하면서 데이터가 손실될 수 있습니다.
     1>c:\users\junyup\documents\visual studio 2010\projects\p_mc\p_mc\p_mc.cpp(605): warning C4244: '인수' : 'float'에서 'int'(으)로 변환하면서 데이터가 손실될 수 있습니다.
     1>c:\users\junyup\documents\visual studio 2010\projects\p_mc\p_mc\p_mc.cpp(605): warning C4244: '인수' : 'float'에서 'int'(으)로 변환하면서 데이터가 손실될 수 있습니다.
     1>c:\users\junyup\documents\visual studio 2010\projects\p_mc\p_mc\p_mc.cpp(607): warning C4244: '인수' : 'float'에서 'int'(으)로 변환하면서 데이터가 손실될 수 있습니다.
     1>c:\users\junyup\documents\visual studio 2010\projects\p_mc\p_mc\p_mc.cpp(607): warning C4244: '인수' : 'float'에서 'int'(으)로 변환하면서 데이터가 손실될 수 있습니다.
     1>c:\users\junyup\documents\visual studio 2010\projects\p_mc\p_mc\p_mc.cpp(608): warning C4244: '인수' : 'float'에서 'int'(으)로 변환하면서 데이터가 손실될 수 있습니다.
     1>c:\users\junyup\documents\visual studio 2010\projects\p_mc\p_mc\p_mc.cpp(608): warning C4244: '인수' : 'float'에서 'int'(으)로 변환하면서 데이터가 손실될 수 있습니다.
     1>c:\users\junyup\documents\visual studio 2010\projects\p_mc\p_mc\p_mc.cpp(610): warning C4244: '인수' : 'float'에서 'int'(으)로 변환하면서 데이터가 손실될 수 있습니다.
     1>c:\users\junyup\documents\visual studio 2010\projects\p_mc\p_mc\p_mc.cpp(610): warning C4244: '인수' : 'float'에서 'int'(으)로 변환하면서 데이터가 손실될 수 있습니다.
     1>c:\users\junyup\documents\visual studio 2010\projects\p_mc\p_mc\p_mc.cpp(611): warning C4244: '인수' : 'float'에서 'int'(으)로 변환하면서 데이터가 손실될 수 있습니다.
     1>c:\users\junyup\documents\visual studio 2010\projects\p_mc\p_mc\p_mc.cpp(611): warning C4244: '인수' : 'float'에서 'int'(으)로 변환하면서 데이터가 손실될 수 있습니다.
     1>c:\users\junyup\documents\visual studio 2010\projects\p_mc\p_mc\p_mc.cpp(613): warning C4244: '인수' : 'float'에서 'int'(으)로 변환하면서 데이터가 손실될 수 있습니다.
     1>c:\users\junyup\documents\visual studio 2010\projects\p_mc\p_mc\p_mc.cpp(613): warning C4244: '인수' : 'float'에서 'int'(으)로 변환하면서 데이터가 손실될 수 있습니다.
     1>c:\users\junyup\documents\visual studio 2010\projects\p_mc\p_mc\p_mc.cpp(614): warning C4244: '인수' : 'float'에서 'int'(으)로 변환하면서 데이터가 손실될 수 있습니다.
     1>c:\users\junyup\documents\visual studio 2010\projects\p_mc\p_mc\p_mc.cpp(614): warning C4244: '인수' : 'float'에서 'int'(으)로 변환하면서 데이터가 손실될 수 있습니다.
     1>c:\users\junyup\documents\visual studio 2010\projects\p_mc\p_mc\p_mc.cpp(627): warning C4244: '인수' : 'double'에서 'int'(으)로 변환하면서 데이터가 손실될 수 있습니다.
     1>c:\users\junyup\documents\visual studio 2010\projects\p_mc\p_mc\p_mc.cpp(627): warning C4244: '인수' : 'double'에서 'int'(으)로 변환하면서 데이터가 손실될 수 있습니다.
     1>c:\users\junyup\documents\visual studio 2010\projects\p_mc\p_mc\p_mc.cpp(629): warning C4244: '초기화 중' : 'double'에서 'int'(으)로 변환하면서 데이터가 손실될 수 있습니다.
       ManifestResourceCompile:
         모든 출력이 최신 상태입니다.
       Link:
         c:\Program Files (x86)\Microsoft Visual Studio 10.0\VC\bin\link.exe /ERRORREPORT:PROMPT /OUT:"C:\Users\JunYup\documents\visual studio 2010\Projects\p_mc\Debug\p_mc.exe" /INCREMENTAL /NOLOGO opencv_calib3d231d.lib opencv_contrib231d.lib opencv_core231d.lib opencv_features2d231d.lib opencv_flann231d.lib opencv_gpu231d.lib opencv_haartraining_engined.lib opencv_highgui231d.lib opencv_imgproc231d.lib opencv_legacy231d.lib opencv_ml231d.lib opencv_objdetect231d.lib opencv_ts231d.lib opencv_video231d.lib kernel32.lib user32.lib gdi32.lib winspool.lib comdlg32.lib advapi32.lib shell32.lib ole32.lib oleaut32.lib uuid.lib odbc32.lib odbccp32.lib /MANIFEST /ManifestFile:"Debug\p_mc.exe.intermediate.manifest" /MANIFESTUAC:"level='asInvoker' uiAccess='false'" /DEBUG /PDB:"C:\Users\JunYup\documents\visual studio 2010\Projects\p_mc\Debug\p_mc.pdb" /SUBSYSTEM:CONSOLE /TLBID:1 /DYNAMICBASE /NXCOMPAT /IMPLIB:"C:\Users\JunYup\documents\visual studio 2010\Projects\p_mc\Debug\p_mc.lib" /MACHINE:X86 Debug\p_mc.exe.embed.manifest.res
         Debug\BlobLabeling.obj
         Debug\p_mc.obj
         Debug\stdafx.obj
       Manifest:
         C:\Program Files (x86)\Microsoft SDKs\Windows\v7.0A\bin\mt.exe /nologo /verbose /out:"Debug\p_mc.exe.embed.manifest" /manifest Debug\p_mc.exe.intermediate.manifest
         모든 출력이 최신 상태입니다.
       LinkEmbedManifest:
         모든 출력이 최신 상태입니다.
         p_mc.vcxproj -> C:\Users\JunYup\documents\visual studio 2010\Projects\p_mc\Debug\p_mc.exe
       FinalizeBuildStatus:
         "Debug\p_mc.unsuccessfulbuild" 파일을 삭제하고 있습니다.
         "Debug\p_mc.lastbuildstate"에 연결(touching)하고 있습니다.
     1>"C:\Users\JunYup\documents\visual studio 2010\Projects\p_mc\p_mc\p_mc.vcxproj" 프로젝트를 빌드했습니다(build 대상).

빌드했습니다.

경과 시간: 00:00:03.74
